<!DOCTYPE html PUBLIC "-//W3C//DTD XHTML 1.1//EN" "https://www.w3.org/TR/xhtml11/DTD/xhtml11.dtd">
<html xmlns="https://www.w3.org/1999/xhtml">
<head>
<meta http-equiv="content-type" content="text/html; charset=UTF-8"/>
<title>TestNG Report</title>
<style type="text/css">table {margin-bottom:10px;border-collapse:collapse;empty-cells:show}th,td {border:1px solid #009;padding:.25em .5em}th {vertical-align:bottom}td {vertical-align:top}table a {font-weight:bold}.stripe td {background-color: #E6EBF9}.num {text-align:right}.passedodd td {background-color: #3F3}.passedeven td {background-color: #0A0}.skippedodd td {background-color: #DDD}.skippedeven td {background-color: #CCC}.failedodd td,.attn {background-color: #F33}.failedeven td,.stripe .attn {background-color: #D00}.stacktrace {white-space:pre;font-family:monospace}.totop {font-size:85%;text-align:center;border-bottom:2px solid #000}.invisible {display:none}</style>
</head>
<body>
<table>
<tr><th>Test</th><th># Passed</th><th># Skipped</th><th># Retried</th><th># Failed</th><th>Time (ms)</th><th>Included Groups</th><th>Excluded Groups</th></tr>
<tr><th colspan="8">Suite</th></tr>
<tr><td><a href="#t0">Test</a></td><td class="num">4</td><td class="num attn">2</td><td class="num">0</td><td class="num attn">1</td><td class="num">323,426</td><td></td><td></td></tr>
</table>
<table id='summary'><thead><tr><th>Class</th><th>Method</th><th>Start</th><th>Time (ms)</th></tr></thead><tbody><tr><th colspan="4">Suite</th></tr></tbody><tbody id="t0"><tr><th colspan="4">Test &#8212; failed (configuration methods)</th></tr><tr class="failedeven"><td rowspan="1">com.crm.SalesAndInventorySystemProject.admin.employeetest.CreateEmployeeTest</td><td><a href="#m0">configAM</a></td><td rowspan="1">1742289389907</td><td rowspan="1">1278</td></tr><tr><th colspan="4">Test &#8212; failed</th></tr><tr class="failedeven"><td rowspan="1">com.crm.SalesAndInventorySystemProject.admin.suppliertest.CreateSupplierTest</td><td><a href="#m1">displaySupplierDetailsTest</a></td><td rowspan="1">1742289377546</td><td rowspan="1">3194</td></tr><tr><th colspan="4">Test &#8212; skipped (configuration methods)</th></tr><tr class="skippedeven"><td rowspan="5">com.crm.SalesAndInventorySystemProject.admin.employeetest.CreateEmployeeTest</td><td><a href="#m2">configAC</a></td><td rowspan="1">1742289391210</td><td rowspan="1">-1742289391210</td></tr><tr class="skippedeven"><td><a href="#m3">configAM</a></td><td rowspan="2">1742289391201</td><td rowspan="2">-1742289391201</td></tr><tr class="skippedeven"><td><a href="#m4">configAM</a></td></tr><tr class="skippedeven"><td><a href="#m5">configBM</a></td><td rowspan="2">1742289391185</td><td rowspan="2">-1742289391185</td></tr><tr class="skippedeven"><td><a href="#m6">configBM</a></td></tr><tr><th colspan="4">Test &#8212; skipped</th></tr><tr class="skippedeven"><td rowspan="2">com.crm.SalesAndInventorySystemProject.admin.employeetest.CreateEmployeeTest</td><td><a href="#m7">createEmployeeWithoutHireDate</a></td><td rowspan="1">1742289391185</td><td rowspan="1">0</td></tr><tr class="skippedeven"><td><a href="#m8">displayEmployeeDetailsTest</a></td><td rowspan="1">1742289391208</td><td rowspan="1">0</td></tr><tr><th colspan="4">Test &#8212; passed</th></tr><tr class="passedeven"><td rowspan="1">com.crm.SalesAndInventorySystemProject.admin.employeetest.CreateEmployeeTest</td><td><a href="#m9">createEmployeeWithHireDate</a></td><td rowspan="1">1742289385386</td><td rowspan="1">4519</td></tr><tr class="passedodd"><td rowspan="2">com.crm.SalesAndInventorySystemProject.admin.suppliertest.CreateSupplierTest</td><td><a href="#m10">createSupplierTest</a></td><td rowspan="1">1742289082018</td><td rowspan="1">145971</td></tr><tr class="passedodd"><td><a href="#m11">createSupplierWithProvinceAndCity</a></td><td rowspan="1">1742289231095</td><td rowspan="1">143934</td></tr><tr class="passedeven"><td rowspan="1">com.crm.SalesAndInventorySystemProject.user.keyboardtest.CreateKeyboardTest</td><td><a href="#m12">createKeyboardTest</a></td><td rowspan="1">1742289393693</td><td rowspan="1">4992</td></tr></tbody>
</table>
<h2>Test</h2><h3 id="m0">com.crm.SalesAndInventorySystemProject.admin.employeetest.CreateEmployeeTest#configAM</h3><table class="result"><tr><th>Exception</th></tr><tr><td><div class="stacktrace">org.openqa.selenium.ElementClickInterceptedException: element click intercepted: Element &lt;img class=&quot;img-profile rounded-circle&quot; src=&quot;https://encrypted-tbn0.gstatic.com/images?q=tbn:ANd9GcTS0rikanm-OEchWDtCAWQ_s1hQq1nOlQUeJr242AdtgqcdEgm0Dg&quot;&gt; is not clickable at point (1125, 35). Other element would receive the click: &lt;div class=&quot;modal fade show&quot; id=&quot;employeeModal&quot; tabindex=&quot;-1&quot; role=&quot;dialog&quot; aria-labelledby=&quot;exampleModalLabel&quot; aria-modal=&quot;true&quot; style=&quot;padding-right: 17px; display: block;&quot;&gt;...&lt;/div&gt;
  (Session info: chrome=134.0.6998.89)
Build info: version: &apos;4.25.0&apos;, revision: &apos;030fcf7918&apos;
System info: os.name: &apos;Windows 11&apos;, os.arch: &apos;amd64&apos;, os.version: &apos;10.0&apos;, java.version: &apos;17.0.12&apos;
Driver info: org.openqa.selenium.chrome.ChromeDriver
Command: [6174f97f559e578d5d28f4731738a6f2, clickElement {id=f.75A7FA5343C2AB18ED4FFADD8D2857C7.d.4FA7A45C4F074848C9C38CD9D9F8A663.e.450}]
Capabilities {acceptInsecureCerts: false, browserName: chrome, browserVersion: 134.0.6998.89, chrome: {chromedriverVersion: 134.0.6998.88 (7e3d5c978c6d..., userDataDir: C:\Users\DELL\AppData\Local...}, fedcm:accounts: true, goog:chromeOptions: {debuggerAddress: localhost:53523}, networkConnectionEnabled: false, pageLoadStrategy: normal, platformName: windows, proxy: Proxy(), se:cdp: ws://localhost:53523/devtoo..., se:cdpVersion: 134.0.6998.89, setWindowRect: true, strictFileInteractability: false, timeouts: {implicit: 0, pageLoad: 300000, script: 30000}, unhandledPromptBehavior: dismiss and notify, webauthn:extension:credBlob: true, webauthn:extension:largeBlob: true, webauthn:extension:minPinLength: true, webauthn:extension:prf: true, webauthn:virtualAuthenticators: true}
Element: [[ChromeDriver: chrome on windows (6174f97f559e578d5d28f4731738a6f2)] -&gt; xpath: //img[@class=&apos;img-profile rounded-circle&apos;]]
Session ID: 6174f97f559e578d5d28f4731738a6f2
	at org.openqa.selenium.remote.ErrorCodec.decode(ErrorCodec.java:167)
	at org.openqa.selenium.remote.codec.w3c.W3CHttpResponseCodec.decode(W3CHttpResponseCodec.java:138)
	at org.openqa.selenium.remote.codec.w3c.W3CHttpResponseCodec.decode(W3CHttpResponseCodec.java:50)
	at org.openqa.selenium.remote.HttpCommandExecutor.execute(HttpCommandExecutor.java:190)
	at org.openqa.selenium.remote.service.DriverCommandExecutor.invokeExecute(DriverCommandExecutor.java:216)
	at org.openqa.selenium.remote.service.DriverCommandExecutor.execute(DriverCommandExecutor.java:174)
	at org.openqa.selenium.remote.RemoteWebDriver.execute(RemoteWebDriver.java:545)
	at org.openqa.selenium.remote.RemoteWebElement.execute(RemoteWebElement.java:223)
	at org.openqa.selenium.remote.RemoteWebElement.click(RemoteWebElement.java:76)
	at org.openqa.selenium.support.pagefactory.internal.LocatingElementHandler.invoke(LocatingElementHandler.java:51)
	at jdk.proxy2/jdk.proxy2.$Proxy19.click(Unknown Source)
	at com.crm.SalesAndInventorySystemProject.ObjectRepositoryUtility.HomePage.logOutFromApp(HomePage.java:90)
	at com.crm.SalesAndInventorySystemProject.BaseClassUtility.BaseClassUtility.configAM(BaseClassUtility.java:75)
	at java.base/java.util.ArrayList.forEach(ArrayList.java:1511)
... Removed 40 stack frames</div></td></tr></table><p class="totop"><a href="#summary">back to summary</a></p>
<h3 id="m1">com.crm.SalesAndInventorySystemProject.admin.suppliertest.CreateSupplierTest#displaySupplierDetailsTest</h3><table class="result"><tr><th>Exception</th></tr><tr><td><div class="stacktrace">org.openqa.selenium.StaleElementReferenceException: stale element reference: stale element not found
  (Session info: chrome=134.0.6998.89)
For documentation on this error, please visit: https://www.selenium.dev/documentation/webdriver/troubleshooting/errors#stale-element-reference-exception
Build info: version: &apos;4.25.0&apos;, revision: &apos;030fcf7918&apos;
System info: os.name: &apos;Windows 11&apos;, os.arch: &apos;amd64&apos;, os.version: &apos;10.0&apos;, java.version: &apos;17.0.12&apos;
Driver info: org.openqa.selenium.chrome.ChromeDriver
Command: [f4965e4aab2239b6d7b1b24df239386f, sendKeysToElement {id=f.1EAA28E98786E34C2A138F9DA4CFAB85.d.47F524F1E7F1E149128A5DCBA8839BB4.e.1742, value=[Ljava.lang.CharSequence;@794240e2}]
Capabilities {acceptInsecureCerts: false, browserName: chrome, browserVersion: 134.0.6998.89, chrome: {chromedriverVersion: 134.0.6998.88 (7e3d5c978c6d..., userDataDir: C:\Users\DELL\AppData\Local...}, fedcm:accounts: true, goog:chromeOptions: {debuggerAddress: localhost:53464}, networkConnectionEnabled: false, pageLoadStrategy: normal, platformName: windows, proxy: Proxy(), se:cdp: ws://localhost:53464/devtoo..., se:cdpVersion: 134.0.6998.89, setWindowRect: true, strictFileInteractability: false, timeouts: {implicit: 0, pageLoad: 300000, script: 30000}, unhandledPromptBehavior: dismiss and notify, webauthn:extension:credBlob: true, webauthn:extension:largeBlob: true, webauthn:extension:minPinLength: true, webauthn:extension:prf: true, webauthn:virtualAuthenticators: true}
Element: [[ChromeDriver: chrome on windows (f4965e4aab2239b6d7b1b24df239386f)] -&gt; xpath: //input[@type=&apos;search&apos;]]
Session ID: f4965e4aab2239b6d7b1b24df239386f
	at org.openqa.selenium.remote.ErrorCodec.decode(ErrorCodec.java:167)
	at org.openqa.selenium.remote.codec.w3c.W3CHttpResponseCodec.decode(W3CHttpResponseCodec.java:138)
	at org.openqa.selenium.remote.codec.w3c.W3CHttpResponseCodec.decode(W3CHttpResponseCodec.java:50)
	at org.openqa.selenium.remote.HttpCommandExecutor.execute(HttpCommandExecutor.java:190)
	at org.openqa.selenium.remote.service.DriverCommandExecutor.invokeExecute(DriverCommandExecutor.java:216)
	at org.openqa.selenium.remote.service.DriverCommandExecutor.execute(DriverCommandExecutor.java:174)
	at org.openqa.selenium.remote.RemoteWebDriver.execute(RemoteWebDriver.java:545)
	at org.openqa.selenium.remote.RemoteWebElement.execute(RemoteWebElement.java:223)
	at org.openqa.selenium.remote.RemoteWebElement.sendKeys(RemoteWebElement.java:110)
	at org.openqa.selenium.support.pagefactory.internal.LocatingElementHandler.invoke(LocatingElementHandler.java:51)
	at jdk.proxy2/jdk.proxy2.$Proxy19.sendKeys(Unknown Source)
	at com.crm.SalesAndInventorySystemProject.admin.suppliertest.CreateSupplierTest.displaySupplierDetailsTest(CreateSupplierTest.java:104)
	at java.base/java.util.ArrayList.forEach(ArrayList.java:1511)
... Removed 35 stack frames</div></td></tr></table><p class="totop"><a href="#summary">back to summary</a></p>
<h3 id="m2">com.crm.SalesAndInventorySystemProject.admin.employeetest.CreateEmployeeTest#configAC</h3><table class="result"><tr><th class="invisible"/></tr></table><p class="totop"><a href="#summary">back to summary</a></p>
<h3 id="m3">com.crm.SalesAndInventorySystemProject.admin.employeetest.CreateEmployeeTest#configAM</h3><table class="result"><tr><th class="invisible"/></tr></table><p class="totop"><a href="#summary">back to summary</a></p>
<h3 id="m4">com.crm.SalesAndInventorySystemProject.admin.employeetest.CreateEmployeeTest#configAM</h3><table class="result"><tr><th class="invisible"/></tr></table><p class="totop"><a href="#summary">back to summary</a></p>
<h3 id="m5">com.crm.SalesAndInventorySystemProject.admin.employeetest.CreateEmployeeTest#configBM</h3><table class="result"><tr><th class="invisible"/></tr></table><p class="totop"><a href="#summary">back to summary</a></p>
<h3 id="m6">com.crm.SalesAndInventorySystemProject.admin.employeetest.CreateEmployeeTest#configBM</h3><table class="result"><tr><th class="invisible"/></tr></table><p class="totop"><a href="#summary">back to summary</a></p>
<h3 id="m7">com.crm.SalesAndInventorySystemProject.admin.employeetest.CreateEmployeeTest#createEmployeeWithoutHireDate</h3><table class="result"><tr><th>Exception</th></tr><tr><td><div class="stacktrace">org.openqa.selenium.ElementClickInterceptedException: element click intercepted: Element &lt;img class=&quot;img-profile rounded-circle&quot; src=&quot;https://encrypted-tbn0.gstatic.com/images?q=tbn:ANd9GcTS0rikanm-OEchWDtCAWQ_s1hQq1nOlQUeJr242AdtgqcdEgm0Dg&quot;&gt; is not clickable at point (1125, 35). Other element would receive the click: &lt;div class=&quot;modal fade show&quot; id=&quot;employeeModal&quot; tabindex=&quot;-1&quot; role=&quot;dialog&quot; aria-labelledby=&quot;exampleModalLabel&quot; aria-modal=&quot;true&quot; style=&quot;padding-right: 17px; display: block;&quot;&gt;...&lt;/div&gt;
  (Session info: chrome=134.0.6998.89)
Build info: version: &apos;4.25.0&apos;, revision: &apos;030fcf7918&apos;
System info: os.name: &apos;Windows 11&apos;, os.arch: &apos;amd64&apos;, os.version: &apos;10.0&apos;, java.version: &apos;17.0.12&apos;
Driver info: org.openqa.selenium.chrome.ChromeDriver
Command: [6174f97f559e578d5d28f4731738a6f2, clickElement {id=f.75A7FA5343C2AB18ED4FFADD8D2857C7.d.4FA7A45C4F074848C9C38CD9D9F8A663.e.450}]
Capabilities {acceptInsecureCerts: false, browserName: chrome, browserVersion: 134.0.6998.89, chrome: {chromedriverVersion: 134.0.6998.88 (7e3d5c978c6d..., userDataDir: C:\Users\DELL\AppData\Local...}, fedcm:accounts: true, goog:chromeOptions: {debuggerAddress: localhost:53523}, networkConnectionEnabled: false, pageLoadStrategy: normal, platformName: windows, proxy: Proxy(), se:cdp: ws://localhost:53523/devtoo..., se:cdpVersion: 134.0.6998.89, setWindowRect: true, strictFileInteractability: false, timeouts: {implicit: 0, pageLoad: 300000, script: 30000}, unhandledPromptBehavior: dismiss and notify, webauthn:extension:credBlob: true, webauthn:extension:largeBlob: true, webauthn:extension:minPinLength: true, webauthn:extension:prf: true, webauthn:virtualAuthenticators: true}
Element: [[ChromeDriver: chrome on windows (6174f97f559e578d5d28f4731738a6f2)] -&gt; xpath: //img[@class=&apos;img-profile rounded-circle&apos;]]
Session ID: 6174f97f559e578d5d28f4731738a6f2
	at org.openqa.selenium.remote.ErrorCodec.decode(ErrorCodec.java:167)
	at org.openqa.selenium.remote.codec.w3c.W3CHttpResponseCodec.decode(W3CHttpResponseCodec.java:138)
	at org.openqa.selenium.remote.codec.w3c.W3CHttpResponseCodec.decode(W3CHttpResponseCodec.java:50)
	at org.openqa.selenium.remote.HttpCommandExecutor.execute(HttpCommandExecutor.java:190)
	at org.openqa.selenium.remote.service.DriverCommandExecutor.invokeExecute(DriverCommandExecutor.java:216)
	at org.openqa.selenium.remote.service.DriverCommandExecutor.execute(DriverCommandExecutor.java:174)
	at org.openqa.selenium.remote.RemoteWebDriver.execute(RemoteWebDriver.java:545)
	at org.openqa.selenium.remote.RemoteWebElement.execute(RemoteWebElement.java:223)
	at org.openqa.selenium.remote.RemoteWebElement.click(RemoteWebElement.java:76)
	at org.openqa.selenium.support.pagefactory.internal.LocatingElementHandler.invoke(LocatingElementHandler.java:51)
	at jdk.proxy2/jdk.proxy2.$Proxy19.click(Unknown Source)
	at com.crm.SalesAndInventorySystemProject.ObjectRepositoryUtility.HomePage.logOutFromApp(HomePage.java:90)
	at com.crm.SalesAndInventorySystemProject.BaseClassUtility.BaseClassUtility.configAM(BaseClassUtility.java:75)
	at java.base/java.util.ArrayList.forEach(ArrayList.java:1511)
... Removed 40 stack frames</div></td></tr></table><p class="totop"><a href="#summary">back to summary</a></p>
<h3 id="m8">com.crm.SalesAndInventorySystemProject.admin.employeetest.CreateEmployeeTest#displayEmployeeDetailsTest</h3><table class="result"><tr><th>Exception</th></tr><tr><td><div class="stacktrace">org.openqa.selenium.ElementClickInterceptedException: element click intercepted: Element &lt;img class=&quot;img-profile rounded-circle&quot; src=&quot;https://encrypted-tbn0.gstatic.com/images?q=tbn:ANd9GcTS0rikanm-OEchWDtCAWQ_s1hQq1nOlQUeJr242AdtgqcdEgm0Dg&quot;&gt; is not clickable at point (1125, 35). Other element would receive the click: &lt;div class=&quot;modal fade show&quot; id=&quot;employeeModal&quot; tabindex=&quot;-1&quot; role=&quot;dialog&quot; aria-labelledby=&quot;exampleModalLabel&quot; aria-modal=&quot;true&quot; style=&quot;padding-right: 17px; display: block;&quot;&gt;...&lt;/div&gt;
  (Session info: chrome=134.0.6998.89)
Build info: version: &apos;4.25.0&apos;, revision: &apos;030fcf7918&apos;
System info: os.name: &apos;Windows 11&apos;, os.arch: &apos;amd64&apos;, os.version: &apos;10.0&apos;, java.version: &apos;17.0.12&apos;
Driver info: org.openqa.selenium.chrome.ChromeDriver
Command: [6174f97f559e578d5d28f4731738a6f2, clickElement {id=f.75A7FA5343C2AB18ED4FFADD8D2857C7.d.4FA7A45C4F074848C9C38CD9D9F8A663.e.450}]
Capabilities {acceptInsecureCerts: false, browserName: chrome, browserVersion: 134.0.6998.89, chrome: {chromedriverVersion: 134.0.6998.88 (7e3d5c978c6d..., userDataDir: C:\Users\DELL\AppData\Local...}, fedcm:accounts: true, goog:chromeOptions: {debuggerAddress: localhost:53523}, networkConnectionEnabled: false, pageLoadStrategy: normal, platformName: windows, proxy: Proxy(), se:cdp: ws://localhost:53523/devtoo..., se:cdpVersion: 134.0.6998.89, setWindowRect: true, strictFileInteractability: false, timeouts: {implicit: 0, pageLoad: 300000, script: 30000}, unhandledPromptBehavior: dismiss and notify, webauthn:extension:credBlob: true, webauthn:extension:largeBlob: true, webauthn:extension:minPinLength: true, webauthn:extension:prf: true, webauthn:virtualAuthenticators: true}
Element: [[ChromeDriver: chrome on windows (6174f97f559e578d5d28f4731738a6f2)] -&gt; xpath: //img[@class=&apos;img-profile rounded-circle&apos;]]
Session ID: 6174f97f559e578d5d28f4731738a6f2
	at org.openqa.selenium.remote.ErrorCodec.decode(ErrorCodec.java:167)
	at org.openqa.selenium.remote.codec.w3c.W3CHttpResponseCodec.decode(W3CHttpResponseCodec.java:138)
	at org.openqa.selenium.remote.codec.w3c.W3CHttpResponseCodec.decode(W3CHttpResponseCodec.java:50)
	at org.openqa.selenium.remote.HttpCommandExecutor.execute(HttpCommandExecutor.java:190)
	at org.openqa.selenium.remote.service.DriverCommandExecutor.invokeExecute(DriverCommandExecutor.java:216)
	at org.openqa.selenium.remote.service.DriverCommandExecutor.execute(DriverCommandExecutor.java:174)
	at org.openqa.selenium.remote.RemoteWebDriver.execute(RemoteWebDriver.java:545)
	at org.openqa.selenium.remote.RemoteWebElement.execute(RemoteWebElement.java:223)
	at org.openqa.selenium.remote.RemoteWebElement.click(RemoteWebElement.java:76)
	at org.openqa.selenium.support.pagefactory.internal.LocatingElementHandler.invoke(LocatingElementHandler.java:51)
	at jdk.proxy2/jdk.proxy2.$Proxy19.click(Unknown Source)
	at com.crm.SalesAndInventorySystemProject.ObjectRepositoryUtility.HomePage.logOutFromApp(HomePage.java:90)
	at com.crm.SalesAndInventorySystemProject.BaseClassUtility.BaseClassUtility.configAM(BaseClassUtility.java:75)
	at java.base/java.util.ArrayList.forEach(ArrayList.java:1511)
... Removed 40 stack frames</div></td></tr></table><p class="totop"><a href="#summary">back to summary</a></p>
<h3 id="m9">com.crm.SalesAndInventorySystemProject.admin.employeetest.CreateEmployeeTest#createEmployeeWithHireDate</h3><table class="result"><tr><th class="invisible"/></tr></table><p class="totop"><a href="#summary">back to summary</a></p>
<h3 id="m10">com.crm.SalesAndInventorySystemProject.admin.suppliertest.CreateSupplierTest#createSupplierTest</h3><table class="result"><tr><th class="invisible"/></tr></table><p class="totop"><a href="#summary">back to summary</a></p>
<h3 id="m11">com.crm.SalesAndInventorySystemProject.admin.suppliertest.CreateSupplierTest#createSupplierWithProvinceAndCity</h3><table class="result"><tr><th class="invisible"/></tr></table><p class="totop"><a href="#summary">back to summary</a></p>
<h3 id="m12">com.crm.SalesAndInventorySystemProject.user.keyboardtest.CreateKeyboardTest#createKeyboardTest</h3><table class="result"><tr><th class="invisible"/></tr></table><p class="totop"><a href="#summary">back to summary</a></p>
</body>
</html>
